2021-05-24 15:01:03,221 - F:\autotest\scripts1\model\goodlife\goodlife_req.py[line:30] - INFO: 加密地址：http://sit.elimen.com.cn:8899/plumber/cxf/mockit/reqEncrySign
2021-05-24 15:01:03,221 - F:\autotest\scripts1\model\goodlife\goodlife_req.py[line:31] - INFO: 加密报文：{'channel': '00000009', 'data': {'commonInput': {'version': '1.0.0', 'channel': '00000009', 'reqDate': '20210107', 'reqTime': '181317', 'remark': ''}, 'certNo': '110101199003076704'}}
2021-05-24 15:01:03,266 - F:\autotest\scripts1\model\goodlife\goodlife_req.py[line:75] - ERROR: 业务参数:{'channel': '00000009', 'data': {'commonInput': {'version': '1.0.0', 'channel': '00000009', 'reqDate': '20210107', 'reqTime': '181317', 'remark': ''}, 'certNo': '110101199003076704'}}
2021-05-24 15:01:03,266 - F:\autotest\scripts1\model\goodlife\goodlife_req.py[line:76] - ERROR: <function format_exc at 0x00000112BAA7F940>
2021-05-24 15:01:14,766 - F:\autotest\scripts1\model\goodlife\goodlife_req.py[line:30] - INFO: 加密地址：http://sit.elimen.com.cn:8899/plumber/cxf/mockit/reqEncrySign
2021-05-24 15:01:14,766 - F:\autotest\scripts1\model\goodlife\goodlife_req.py[line:31] - INFO: 加密报文：{'channel': '00000009', 'data': {'commonInput': {'version': '1.0.0', 'channel': '00000009', 'reqDate': '20210107', 'reqTime': '181317', 'remark': ''}, 'certNo': '110101199003076704'}}
2021-05-24 15:01:14,799 - F:\autotest\scripts1\model\goodlife\goodlife_req.py[line:75] - ERROR: 业务参数:{'channel': '00000009', 'data': {'commonInput': {'version': '1.0.0', 'channel': '00000009', 'reqDate': '20210107', 'reqTime': '181317', 'remark': ''}, 'certNo': '110101199003076704'}}
2021-05-24 15:01:14,800 - F:\autotest\scripts1\model\goodlife\goodlife_req.py[line:76] - ERROR: <function format_exc at 0x000002BDF79F7820>
2021-05-24 15:01:35,881 - F:\autotest\scripts1\model\goodlife\goodlife_req.py[line:30] - INFO: 加密地址：http://sit.elimen.com.cn:8899/plumber/cxf/mockit/reqEncrySign
2021-05-24 15:01:35,881 - F:\autotest\scripts1\model\goodlife\goodlife_req.py[line:31] - INFO: 加密报文：{'channel': '00000009', 'data': {'commonInput': {'version': '1.0.0', 'channel': '00000009', 'reqDate': '20210107', 'reqTime': '181317', 'remark': ''}, 'certNo': '110101199003076704'}}
2021-05-24 15:01:35,919 - F:\autotest\scripts1\model\goodlife\goodlife_req.py[line:75] - ERROR: 业务参数:{'channel': '00000009', 'data': {'commonInput': {'version': '1.0.0', 'channel': '00000009', 'reqDate': '20210107', 'reqTime': '181317', 'remark': ''}, 'certNo': '110101199003076704'}}
2021-05-24 15:01:35,919 - F:\autotest\scripts1\model\goodlife\goodlife_req.py[line:76] - ERROR: <function format_exc at 0x000002639CC77820>
2021-05-24 15:02:04,096 - F:\autotest\scripts1\model\goodlife\goodlife_req.py[line:30] - INFO: 加密地址：http://sit.elimen.com.cn:8899/plumber/cxf/mockit/reqEncrySign
2021-05-24 15:02:04,096 - F:\autotest\scripts1\model\goodlife\goodlife_req.py[line:31] - INFO: 加密报文：{'channel': '00000009', 'data': {'commonInput': {'version': '1.0.0', 'channel': '00000009', 'reqDate': '20210107', 'reqTime': '181317', 'remark': ''}, 'certNo': '110101199003076704'}}
2021-05-24 15:02:04,130 - F:\autotest\scripts1\model\goodlife\goodlife_req.py[line:75] - ERROR: 业务参数:{'channel': '00000009', 'data': {'commonInput': {'version': '1.0.0', 'channel': '00000009', 'reqDate': '20210107', 'reqTime': '181317', 'remark': ''}, 'certNo': '110101199003076704'}}
2021-05-24 15:02:04,130 - F:\autotest\scripts1\model\goodlife\goodlife_req.py[line:76] - ERROR: <function format_exc at 0x000001C087C17820>
2021-05-24 15:02:36,484 - F:\autotest\scripts1\model\goodlife\goodlife_req.py[line:30] - INFO: 加密地址：http://sit.elimen.com.cn:8899/plumber/cxf/mockit/reqEncrySign
2021-05-24 15:02:36,484 - F:\autotest\scripts1\model\goodlife\goodlife_req.py[line:31] - INFO: 加密报文：{'channel': '00000009', 'data': {'commonInput': {'version': '1.0.0', 'channel': '00000009', 'reqDate': '20210107', 'reqTime': '181317', 'remark': ''}, 'certNo': '110101199003076704'}}
2021-05-24 15:02:36,516 - F:\autotest\scripts1\model\goodlife\goodlife_req.py[line:75] - ERROR: 业务参数:{'channel': '00000009', 'data': {'commonInput': {'version': '1.0.0', 'channel': '00000009', 'reqDate': '20210107', 'reqTime': '181317', 'remark': ''}, 'certNo': '110101199003076704'}}
2021-05-24 15:02:36,517 - F:\autotest\scripts1\model\goodlife\goodlife_req.py[line:76] - ERROR: <function format_exc at 0x000001CFE9587820>
2021-05-24 15:03:31,949 - F:\autotest\scripts1\model\goodlife\goodlife_req.py[line:30] - INFO: 加密地址：http://sit.elimen.com.cn:8899/plumber/cxf/mockit/reqEncrySign
2021-05-24 15:03:31,949 - F:\autotest\scripts1\model\goodlife\goodlife_req.py[line:31] - INFO: 加密报文：{'channel': '00000009', 'data': {'commonInput': {'version': '1.0.0', 'channel': '00000009', 'reqDate': '20210107', 'reqTime': '181317', 'remark': ''}, 'certNo': '110101199003076704'}}
2021-05-24 15:03:31,992 - F:\autotest\scripts1\model\goodlife\goodlife_req.py[line:75] - ERROR: 业务参数:{'channel': '00000009', 'data': {'commonInput': {'version': '1.0.0', 'channel': '00000009', 'reqDate': '20210107', 'reqTime': '181317', 'remark': ''}, 'certNo': '110101199003076704'}}
2021-05-24 15:03:31,993 - F:\autotest\scripts1\model\goodlife\goodlife_req.py[line:76] - ERROR: <function format_exc at 0x000001F5947C7820>
2021-05-24 15:03:55,821 - F:\autotest\scripts1\model\goodlife\goodlife_req.py[line:30] - INFO: 加密地址：http://sit.elimen.com.cn:8899/plumber/cxf/mockit/reqEncrySign
2021-05-24 15:03:55,821 - F:\autotest\scripts1\model\goodlife\goodlife_req.py[line:31] - INFO: 加密报文：{'channel': '00000009', 'data': {'commonInput': {'version': '1.0.0', 'channel': '00000009', 'reqDate': '20210107', 'reqTime': '181317', 'remark': ''}, 'certNo': '110101199003076704'}}
2021-05-24 15:03:55,883 - F:\autotest\scripts1\model\goodlife\goodlife_req.py[line:75] - ERROR: 业务参数:{'channel': '00000009', 'data': {'commonInput': {'version': '1.0.0', 'channel': '00000009', 'reqDate': '20210107', 'reqTime': '181317', 'remark': ''}, 'certNo': '110101199003076704'}}
2021-05-24 15:03:55,884 - F:\autotest\scripts1\model\goodlife\goodlife_req.py[line:76] - ERROR: <function format_exc at 0x00000184303C7820>
2021-05-24 15:15:13,248 - F:/autotest/scripts1/model/goodlife/goodlife_req.py[line:30] - INFO: 加密地址：http://sit.elimen.com.cn:8899/plumber/cxf/mockit/reqEncrySign
2021-05-24 15:15:13,248 - F:/autotest/scripts1/model/goodlife/goodlife_req.py[line:31] - INFO: 加密报文：{'channel': '00000009', 'data': {'commonInput': {'version': '1.0.0', 'channel': '00000009', 'reqDate': '20210107', 'reqTime': '181317', 'remark': ''}, 'certNo': '110101199003076704'}}
2021-05-24 15:15:13,295 - F:/autotest/scripts1/model/goodlife/goodlife_req.py[line:75] - ERROR: 业务参数:{'channel': '00000009', 'data': {'commonInput': {'version': '1.0.0', 'channel': '00000009', 'reqDate': '20210107', 'reqTime': '181317', 'remark': ''}, 'certNo': '110101199003076704'}}
2021-05-24 15:15:13,296 - F:/autotest/scripts1/model/goodlife/goodlife_req.py[line:76] - ERROR: <function format_exc at 0x0000015798893940>
2021-05-24 15:20:23,311 - F:\autotest\scripts1\model\goodlife\goodlife_req.py[line:30] - INFO: 加密地址：http://sit.elimen.com.cn:8899/plumber/cxf/mockit/reqEncrySign
2021-05-24 15:20:23,311 - F:\autotest\scripts1\model\goodlife\goodlife_req.py[line:31] - INFO: 加密报文：{'channel': '00000009', 'data': {'commonInput': {'version': '1.0.0', 'channel': '00000009', 'reqDate': '20210107', 'reqTime': '181317', 'remark': ''}, 'certNo': '110101199003076704'}}
2021-05-24 15:20:23,340 - F:\autotest\scripts1\model\goodlife\goodlife_req.py[line:60] - INFO: 加密请求状态：502
2021-05-24 15:20:23,340 - F:\autotest\scripts1\model\goodlife\goodlife_req.py[line:75] - ERROR: 业务参数:{'channel': '00000009', 'data': {'commonInput': {'version': '1.0.0', 'channel': '00000009', 'reqDate': '20210107', 'reqTime': '181317', 'remark': ''}, 'certNo': '110101199003076704'}}
2021-05-24 15:20:23,340 - F:\autotest\scripts1\model\goodlife\goodlife_req.py[line:76] - ERROR: <function format_exc at 0x0000013C5D0F7820>
2021-05-24 15:23:16,676 - F:\autotest\scripts1\model\goodlife\goodlife_req.py[line:30] - INFO: 加密地址：http://sit.elimen.com.cn:8899/plumber/cxf/mockit/reqEncrySign
2021-05-24 15:23:16,676 - F:\autotest\scripts1\model\goodlife\goodlife_req.py[line:31] - INFO: 加密报文：{'channel': '00000009', 'data': {'commonInput': {'version': '1.0.0', 'channel': '00000009', 'reqDate': '20210107', 'reqTime': '181317', 'remark': ''}, 'certNo': '110101199003076704'}}
2021-05-24 15:23:16,711 - F:\autotest\scripts1\model\goodlife\goodlife_req.py[line:60] - INFO: 加密请求状态：502
2021-05-24 15:23:16,711 - F:\autotest\scripts1\model\goodlife\goodlife_req.py[line:76] - ERROR: 业务参数:{'channel': '00000009', 'data': {'commonInput': {'version': '1.0.0', 'channel': '00000009', 'reqDate': '20210107', 'reqTime': '181317', 'remark': ''}, 'certNo': '110101199003076704'}}
2021-05-24 15:23:16,711 - F:\autotest\scripts1\model\goodlife\goodlife_req.py[line:77] - ERROR: <function format_exc at 0x00000194A85B8820>
2021-05-24 15:24:28,532 - F:\autotest\scripts1\model\goodlife\goodlife_req.py[line:30] - INFO: 加密地址：http://sit.elimen.com.cn:8899/plumber/cxf/mockit/reqEncrySign
2021-05-24 15:24:28,532 - F:\autotest\scripts1\model\goodlife\goodlife_req.py[line:31] - INFO: 加密报文：{'channel': '00000009', 'data': {'commonInput': {'version': '1.0.0', 'channel': '00000009', 'reqDate': '20210107', 'reqTime': '181317', 'remark': ''}, 'certNo': '110101199003076704'}}
2021-05-24 15:24:28,626 - F:\autotest\scripts1\model\goodlife\goodlife_req.py[line:60] - INFO: 加密请求状态：502
2021-05-24 15:24:28,626 - F:\autotest\scripts1\model\goodlife\goodlife_req.py[line:76] - ERROR: 业务参数:{'channel': '00000009', 'data': {'commonInput': {'version': '1.0.0', 'channel': '00000009', 'reqDate': '20210107', 'reqTime': '181317', 'remark': ''}, 'certNo': '110101199003076704'}}
2021-05-24 15:24:28,626 - F:\autotest\scripts1\model\goodlife\goodlife_req.py[line:77] - ERROR: <function format_exc at 0x000001D96BF28820>
2021-05-24 15:24:57,646 - F:\autotest\scripts1\model\goodlife\goodlife_req.py[line:30] - INFO: 加密地址：http://sit.elimen.com.cn:8899/plumber/cxf/mockit/reqEncrySign
2021-05-24 15:24:57,646 - F:\autotest\scripts1\model\goodlife\goodlife_req.py[line:31] - INFO: 加密报文：{'channel': '00000009', 'data': {'commonInput': {'version': '1.0.0', 'channel': '00000009', 'reqDate': '20210107', 'reqTime': '181317', 'remark': ''}, 'certNo': '110101199003076704'}}
2021-05-24 15:24:57,692 - F:\autotest\scripts1\model\goodlife\goodlife_req.py[line:61] - INFO: 加密请求状态：502
2021-05-24 15:24:57,692 - F:\autotest\scripts1\model\goodlife\goodlife_req.py[line:76] - ERROR: 业务参数:{'channel': '00000009', 'data': {'commonInput': {'version': '1.0.0', 'channel': '00000009', 'reqDate': '20210107', 'reqTime': '181317', 'remark': ''}, 'certNo': '110101199003076704'}}
2021-05-24 15:24:57,692 - F:\autotest\scripts1\model\goodlife\goodlife_req.py[line:77] - ERROR: <function format_exc at 0x0000017B855C8820>
2021-05-24 15:28:30,203 - F:\autotest\scripts1\model\goodlife\goodlife_req.py[line:30] - INFO: 加密地址：http://sit.elimen.com.cn:8899/plumber/cxf/mockit/reqEncrySign
2021-05-24 15:28:30,203 - F:\autotest\scripts1\model\goodlife\goodlife_req.py[line:31] - INFO: 加密报文：{'channel': '00000009', 'data': {'commonInput': {'version': '1.0.0', 'channel': '00000009', 'reqDate': '20210107', 'reqTime': '181317', 'remark': ''}, 'certNo': '110101199003076704'}}
2021-05-24 15:28:30,247 - F:\autotest\scripts1\model\goodlife\goodlife_req.py[line:60] - INFO: 加密请求状态：502
2021-05-24 15:28:30,247 - F:\autotest\scripts1\model\goodlife\goodlife_req.py[line:76] - ERROR: 业务参数:{'channel': '00000009', 'data': {'commonInput': {'version': '1.0.0', 'channel': '00000009', 'reqDate': '20210107', 'reqTime': '181317', 'remark': ''}, 'certNo': '110101199003076704'}}
2021-05-24 15:28:30,247 - F:\autotest\scripts1\model\goodlife\goodlife_req.py[line:77] - ERROR: <function format_exc at 0x000002990FF98820>
2021-05-24 15:28:49,659 - F:\autotest\scripts1\model\goodlife\goodlife_req.py[line:30] - INFO: 加密地址：http://sit.elimen.com.cn:8899/plumber/cxf/mockit/reqEncrySign
2021-05-24 15:28:49,659 - F:\autotest\scripts1\model\goodlife\goodlife_req.py[line:31] - INFO: 加密报文：{'channel': '00000009', 'data': {'commonInput': {'version': '1.0.0', 'channel': '00000009', 'reqDate': '20210107', 'reqTime': '181317', 'remark': ''}, 'certNo': '110101199003076704'}}
2021-05-24 15:28:49,687 - F:\autotest\scripts1\model\goodlife\goodlife_req.py[line:60] - INFO: 加密请求状态：502
2021-05-24 15:28:49,687 - F:\autotest\scripts1\model\goodlife\goodlife_req.py[line:76] - ERROR: 业务参数:{'channel': '00000009', 'data': {'commonInput': {'version': '1.0.0', 'channel': '00000009', 'reqDate': '20210107', 'reqTime': '181317', 'remark': ''}, 'certNo': '110101199003076704'}}
2021-05-24 15:28:49,687 - F:\autotest\scripts1\model\goodlife\goodlife_req.py[line:77] - ERROR: <function format_exc at 0x000001DC6A348820>
2021-05-24 15:29:28,909 - F:\autotest\scripts1\model\goodlife\goodlife_req.py[line:30] - INFO: 加密地址：http://sit.elimen.com.cn:8899/plumber/cxf/mockit/reqEncrySign
2021-05-24 15:29:28,910 - F:\autotest\scripts1\model\goodlife\goodlife_req.py[line:31] - INFO: 加密报文：{'channel': '00000009', 'data': {'commonInput': {'version': '1.0.0', 'channel': '00000009', 'reqDate': '20210107', 'reqTime': '181317', 'remark': ''}, 'certNo': '110101199003076704'}}
2021-05-24 15:29:28,940 - F:\autotest\scripts1\model\goodlife\goodlife_req.py[line:60] - INFO: 加密请求状态：502
2021-05-24 15:29:28,940 - F:\autotest\scripts1\model\goodlife\goodlife_req.py[line:75] - ERROR: 业务参数:{'channel': '00000009', 'data': {'commonInput': {'version': '1.0.0', 'channel': '00000009', 'reqDate': '20210107', 'reqTime': '181317', 'remark': ''}, 'certNo': '110101199003076704'}}
2021-05-24 15:29:28,941 - F:\autotest\scripts1\model\goodlife\goodlife_req.py[line:76] - ERROR: <function format_exc at 0x000001DCC91A7820>
2021-05-24 15:48:52,248 - F:\autotest\scripts1\model\goodlife\goodlife_req.py[line:30] - INFO: 加密地址：http://sit.elimen.com.cn:8899/plumber/cxf/mockit/reqEncrySign
2021-05-24 15:48:52,248 - F:\autotest\scripts1\model\goodlife\goodlife_req.py[line:31] - INFO: 加密报文：{'channel': '00000009', 'data': {'commonInput': {'version': '1.0.0', 'channel': '00000009', 'reqDate': '20210107', 'reqTime': '181317', 'remark': ''}, 'certNo': '110101199003076704'}}
2021-05-24 15:48:52,281 - F:\autotest\scripts1\model\goodlife\goodlife_req.py[line:60] - INFO: 加密请求状态：502
2021-05-24 15:48:52,281 - F:\autotest\scripts1\model\goodlife\goodlife_req.py[line:75] - ERROR: 业务参数:{'channel': '00000009', 'data': {'commonInput': {'version': '1.0.0', 'channel': '00000009', 'reqDate': '20210107', 'reqTime': '181317', 'remark': ''}, 'certNo': '110101199003076704'}}
2021-05-24 15:48:52,281 - F:\autotest\scripts1\model\goodlife\goodlife_req.py[line:76] - ERROR: <function format_exc at 0x000002AFD38D7820>
2021-05-24 15:49:24,569 - F:\autotest\scripts1\model\goodlife\goodlife_req.py[line:30] - INFO: 加密地址：http://sit.elimen.com.cn:8899/plumber/cxf/mockit/reqEncrySign
2021-05-24 15:49:24,569 - F:\autotest\scripts1\model\goodlife\goodlife_req.py[line:31] - INFO: 加密报文：{'channel': '00000009', 'data': {'commonInput': {'version': '1.0.0', 'channel': '00000009', 'reqDate': '20210107', 'reqTime': '181317', 'remark': ''}, 'certNo': '110101199003076704'}}
2021-05-24 15:49:24,598 - F:\autotest\scripts1\model\goodlife\goodlife_req.py[line:60] - INFO: 加密请求状态：502
2021-05-24 15:49:24,598 - F:\autotest\scripts1\model\goodlife\goodlife_req.py[line:75] - ERROR: 业务参数:{'channel': '00000009', 'data': {'commonInput': {'version': '1.0.0', 'channel': '00000009', 'reqDate': '20210107', 'reqTime': '181317', 'remark': ''}, 'certNo': '110101199003076704'}}
2021-05-24 15:49:24,598 - F:\autotest\scripts1\model\goodlife\goodlife_req.py[line:76] - ERROR: <function format_exc at 0x000002F567FE7820>
2021-05-24 15:50:13,159 - F:\autotest\scripts1\model\goodlife\goodlife_req.py[line:30] - INFO: 加密地址：http://sit.elimen.com.cn:8899/plumber/cxf/mockit/reqEncrySign
2021-05-24 15:50:13,159 - F:\autotest\scripts1\model\goodlife\goodlife_req.py[line:31] - INFO: 加密报文：{'channel': '00000009', 'data': {'commonInput': {'version': '1.0.0', 'channel': '00000009', 'reqDate': '20210107', 'reqTime': '181317', 'remark': ''}, 'certNo': '110101199003076704'}}
2021-05-24 15:50:13,195 - F:\autotest\scripts1\model\goodlife\goodlife_req.py[line:60] - INFO: 加密请求状态：502
2021-05-24 15:50:13,195 - F:\autotest\scripts1\model\goodlife\goodlife_req.py[line:75] - ERROR: 业务参数:{'channel': '00000009', 'data': {'commonInput': {'version': '1.0.0', 'channel': '00000009', 'reqDate': '20210107', 'reqTime': '181317', 'remark': ''}, 'certNo': '110101199003076704'}}
2021-05-24 15:50:13,195 - F:\autotest\scripts1\model\goodlife\goodlife_req.py[line:76] - ERROR: <function format_exc at 0x000001D6FF138820>
2021-05-24 15:51:05,050 - F:\autotest\scripts1\model\goodlife\goodlife_req.py[line:30] - INFO: 加密地址：http://sit.elimen.com.cn:8899/plumber/cxf/mockit/reqEncrySign
2021-05-24 15:51:05,050 - F:\autotest\scripts1\model\goodlife\goodlife_req.py[line:31] - INFO: 加密报文：{'channel': '00000009', 'data': {'commonInput': {'version': '1.0.0', 'channel': '00000009', 'reqDate': '20210107', 'reqTime': '181317', 'remark': ''}, 'certNo': '110101199003076704'}}
2021-05-24 15:51:05,081 - F:\autotest\scripts1\model\goodlife\goodlife_req.py[line:59] - INFO: 加密请求状态：502
2021-05-24 15:51:05,081 - F:\autotest\scripts1\model\goodlife\goodlife_req.py[line:75] - ERROR: 业务参数:{'channel': '00000009', 'data': {'commonInput': {'version': '1.0.0', 'channel': '00000009', 'reqDate': '20210107', 'reqTime': '181317', 'remark': ''}, 'certNo': '110101199003076704'}}
2021-05-24 15:51:05,081 - F:\autotest\scripts1\model\goodlife\goodlife_req.py[line:76] - ERROR: <function format_exc at 0x0000018CA7268820>
2021-05-24 15:51:19,833 - F:\autotest\scripts1\model\goodlife\goodlife_req.py[line:30] - INFO: 加密地址：http://sit.elimen.com.cn:8899/plumber/cxf/mockit/reqEncrySign
2021-05-24 15:51:19,833 - F:\autotest\scripts1\model\goodlife\goodlife_req.py[line:31] - INFO: 加密报文：{'channel': '00000009', 'data': {'commonInput': {'version': '1.0.0', 'channel': '00000009', 'reqDate': '20210107', 'reqTime': '181317', 'remark': ''}, 'certNo': '110101199003076704'}}
2021-05-24 15:51:19,882 - F:\autotest\scripts1\model\goodlife\goodlife_req.py[line:59] - INFO: 加密请求状态：502
2021-05-24 15:51:19,883 - F:\autotest\scripts1\model\goodlife\goodlife_req.py[line:75] - ERROR: 业务参数:{'channel': '00000009', 'data': {'commonInput': {'version': '1.0.0', 'channel': '00000009', 'reqDate': '20210107', 'reqTime': '181317', 'remark': ''}, 'certNo': '110101199003076704'}}
2021-05-24 15:51:19,883 - F:\autotest\scripts1\model\goodlife\goodlife_req.py[line:76] - ERROR: <function format_exc at 0x0000024D529E7820>
2021-05-24 17:26:17,425 - F:\autotest\scripts1\model\goodlife\goodlife_req.py[line:30] - INFO: 加密地址：http://sit.elimen.com.cn:8899/plumber/cxf/mockit/reqEncrySign
2021-05-24 17:26:17,426 - F:\autotest\scripts1\model\goodlife\goodlife_req.py[line:31] - INFO: 加密报文：{'channel': '00000009', 'data': {'commonInput': {'version': '1.0.0', 'channel': '00000009', 'reqDate': '20210107', 'reqTime': '181317', 'remark': ''}, 'certNo': '110101199003076704'}}
2021-05-24 17:26:17,477 - F:\autotest\scripts1\model\goodlife\goodlife_req.py[line:59] - INFO: 加密请求状态：200
2021-05-24 17:26:17,478 - F:\autotest\scripts1\model\goodlife\goodlife_req.py[line:60] - INFO: 业务报文：{'channelCode': '00000009', 'key': 'h28oUz/x87lUuLUMvlEC8p9etLwWIGOP909oapNikd8raCdSm9B83SpVpn/K3ytRZsJ7UpsTnDQr49jo3K/mJ1kPkubBA/Dhm38fOaSH/MrlNNO3bqk8UKwa7GExR6TUsH/euUOoOrC2t/Yb9C1VoCVoSfgMUH1p3/VESoS61QU=', 'content': 'l60IArIXyBjSVTYX5tACpCsr5wCM3YTw09qdLVXTtsRVIal6eYEi4UNOpqSmD/oUc3QYl50LAPQMFPrVPp1VqCIg2t6uS5R+eZ9kg+EoYTVmg1tM2h8a3/BpJhJ4sKY2kUfQtMOWoICkI0QQCWtU7hdmdGVxZ3O8kz/6k1PUkThaGd8cZ4mnGPmDKpjYTdo0', 'signStr': 'emu0uKcDXP8+HjEXwDVgGRBjdKXnxc6VrdN+X0jWhEDp2hm+t8JS3HBxfo3cXbQq027L0Xblps9iqCmH9ncJbNrs0sfORkFduZrLchRukpLHEI0dHQ/oXLivlTbaRcn5L5Nu1NRE8YazMgzQ89AXdGoQcDvw1+mBPvDp92rhBd0='}
2021-05-24 17:26:25,546 - F:\autotest\scripts1\model\goodlife\goodlife_req.py[line:30] - INFO: 加密地址：http://sit.elimen.com.cn:8899/plumber/cxf/mockit/reqEncrySign
2021-05-24 17:26:25,546 - F:\autotest\scripts1\model\goodlife\goodlife_req.py[line:31] - INFO: 加密报文：{'channel': '00000009', 'data': {'commonInput': {'version': '1.0.0', 'channel': '00000009', 'reqDate': '20210107', 'reqTime': '181317', 'remark': ''}, 'certNo': '110101199003076704'}}
2021-05-24 17:26:25,587 - F:\autotest\scripts1\model\goodlife\goodlife_req.py[line:59] - INFO: 加密请求状态：200
2021-05-24 17:26:25,587 - F:\autotest\scripts1\model\goodlife\goodlife_req.py[line:60] - INFO: 业务报文：{'channelCode': '00000009', 'key': 'agZ57E+VGFdDovz3F/JQenPMp6JOuZ91lo5hWzoW/Z1FXHDmO3XrXmzaHhh1ibyzT0hvW8IZwnvmOz3FIJ8Y5CuaCQGxS+K3gBTesEQPXcYbm1YOh12B22QIlbIYmNP0wIPQ7L2LBRpGGnVxK6Fosk/O+wLx87m+PImYMixsoAE=', 'content': 'ImvdWa9YOtEf7G86gT0TeqlYqkRLXwJDFtELOoDPnaWlmswDK61aUwWuSvSmMDUg1W3RdK9hlR+LherP/q1y7ApeAQXgRm82ixXS4GG84PLxsB3oH84kdM/td7SCWtXjGouJgSa+9Iy25TbRHEA5Qycv1MkbrSPY8iwOlfiCAHBPsMmrcm28tB3fJHrm2b+j', 'signStr': 'ogcWW0m+FPLhxhptkoRhoqCxsjDDbYXYZMIj/sO3v9xmqvkJ+DItU4PY1vqkL+J8wyCWoFDRhLc1qRMxBlrVgyJdVWnbnWGP5/NR+NwRbZiJtHiKpZw05Wim3+OQ+PsV6RWK9MCqTcKctVQSsJbjmoAMPmmxEC5/O/5rntzaGJ0='}
